Unity Editor version:    6000.3.8f1 (1c7db571dde0)
Branch:                  6000.3/staging
Build type:              Release
Batch mode:              YES
macOS version:           Version 26.2 (Build 25C56)
Darwin version:          25.2.0
Architecture:            arm64
Running under Rosetta:   NO
Available memory:        8192 MB
Date:                    2026-03-03T15:23:15Z
[Licensing::Module] Trying to connect to existing licensing client channel...
[Licensing::IpcConnector] Successfully connected to: "LicenseClient-magaliekalash" at "2026-03-03T15:23:15.12982Z"

COMMAND LINE ARGUMENTS:
/Applications/Unity/Hub/Editor/6000.3.8f1/Unity.app/Contents/MacOS/Unity
-adb2
-batchMode
-noUpm
-name
AssetImportWorker1
-projectPath
/Users/magaliekalash/flood-prepared-github-test
-logFile
Logs/AssetImportWorker1.log
-srvPort
54818
-licensingIpc
LicenseClient-magaliekalash
-job-worker-count
3
-background-job-worker-count
8
-gc-helper-count
1
-name AssetImport
Successfully changed project path to: /Users/magaliekalash/flood-prepared-github-test
/Users/magaliekalash/flood-prepared-github-test
[UnityMemory] Configuration Parameters - Can be set up in boot.config
    "memorysetup-allocator-temp-initial-block-size-main=262144"
    "memorysetup-allocator-temp-initial-block-size-worker=262144"
    "memorysetup-temp-allocator-size-background-worker=32768"
    "memorysetup-temp-allocator-size-job-worker=262144"
    "memorysetup-temp-allocator-size-preload-manager=33554432"
    "memorysetup-temp-allocator-size-nav-mesh-worker=65536"
    "memorysetup-temp-allocator-size-audio-worker=65536"
    "memorysetup-temp-allocator-size-cloud-worker=32768"
    "memorysetup-bucket-allocator-granularity=16"
    "memorysetup-bucket-allocator-bucket-count=8"
    "memorysetup-bucket-allocator-block-size=33554432"
    "memorysetup-bucket-allocator-block-count=8"
    "memorysetup-main-allocator-block-size=16777216"
    "memorysetup-thread-allocator-block-size=16777216"
    "memorysetup-gfx-main-allocator-block-size=16777216"
    "memorysetup-gfx-thread-allocator-block-size=16777216"
    "memorysetup-cache-allocator-block-size=4194304"
    "memorysetup-typetree-allocator-block-size=2097152"
    "memorysetup-profiler-bucket-allocator-granularity=16"
    "memorysetup-profiler-bucket-allocator-bucket-count=8"
    "memorysetup-profiler-bucket-allocator-block-size=33554432"
    "memorysetup-profiler-bucket-allocator-block-count=8"
    "memorysetup-profiler-allocator-block-size=16777216"
    "memorysetup-profiler-editor-allocator-block-size=1048576"
    "memorysetup-temp-allocator-size-main=16777216"
    "memorysetup-job-temp-allocator-block-size=2097152"
    "memorysetup-job-temp-allocator-block-size-background=1048576"
    "memorysetup-job-temp-allocator-reduction-small-platforms=262144"
    "memorysetup-temp-allocator-size-gi-baking-worker=262144"
    "memorysetup-temp-allocator-size-gi-baking-worker=262144"
    "memorysetup-temp-allocator-size-gi-baking-worker=262144"
    "memorysetup-temp-allocator-size-gi-baking-worker=262144"
    "memorysetup-temp-allocator-size-gi-baking-worker=262144"
    "memorysetup-temp-allocator-size-gfx=262144"
Player connection [8564042816]  Target information:

Player connection [8564042816]  * "[IP] 127.0.2.2 [Port] 0 [Flags] 2 [Guid] 1457568189 [EditorId] 1457568189 [Version] 1048832 [Id] OSXEditor(0,158-37-235-232.hvl.no) [Debug] 1 [PackageName] OSXEditor [ProjectName] Editor" 

Player connection [8564042816]  * "[IP] 127.0.2.3 [Port] 0 [Flags] 2 [Guid] 1457568189 [EditorId] 1457568189 [Version] 1048832 [Id] OSXEditor(0,158-37-235-232.hvl.no) [Debug] 1 [PackageName] OSXEditor [ProjectName] Editor" 

Player connection [8564042816]  * "[IP] 158.37.235.232 [Port] 0 [Flags] 2 [Guid] 1457568189 [EditorId] 1457568189 [Version] 1048832 [Id] OSXEditor(0,158-37-235-232.hvl.no) [Debug] 1 [PackageName] OSXEditor [ProjectName] Editor" 

Player connection [8564042816]  * "[IP] 192.168.164.1 [Port] 0 [Flags] 2 [Guid] 1457568189 [EditorId] 1457568189 [Version] 1048832 [Id] OSXEditor(0,158-37-235-232.hvl.no) [Debug] 1 [PackageName] OSXEditor [ProjectName] Editor" 

Player connection [8564042816]  * "[IP] 192.168.62.1 [Port] 0 [Flags] 2 [Guid] 1457568189 [EditorId] 1457568189 [Version] 1048832 [Id] OSXEditor(0,158-37-235-232.hvl.no) [Debug] 1 [PackageName] OSXEditor [ProjectName] Editor" 

Player connection [8564042816]  * "[IP] 172.16.0.2 [Port] 0 [Flags] 2 [Guid] 1457568189 [EditorId] 1457568189 [Version] 1048832 [Id] OSXEditor(0,158-37-235-232.hvl.no) [Debug] 1 [PackageName] OSXEditor [ProjectName] Editor" 

Player connection [8564042816] Host joined multi-casting on [225.0.0.222:54997]...
Player connection [8564042816] Host joined alternative multi-casting on [225.0.0.222:34997]...
JobSystem: Creating JobQueue using job-worker-count value 3
Input System module state changed to: Initialized.
[Physics::Module] Initialized fallback backend.
[Physics::Module] Id: 0xdecafbad
Library Redirect Path: Library/
[Physics::Module] Selected backend.
[Physics::Module] Name: PhysX
[Physics::Module] Id: 0xf2b8ea05
[Physics::Module] SDK Version: 4.1.2
[Physics::Module] Integration Version: 1.0.0
[Physics::Module] Threading Mode: Multi-Threaded
Refreshing native plugins compatible for Editor in 21.66 ms, found 1 plugins.
Preloading 0 native plugins for Editor in 0.00 ms.
Initialize engine version: 6000.3.8f1 (1c7db571dde0)
[Subsystems] Discovering subsystems at path /Applications/Unity/Hub/Editor/6000.3.8f1/Unity.app/Contents/Resources/UnitySubsystems
[Subsystems] Discovering subsystems at path /Users/magaliekalash/flood-prepared-github-test/Assets
GfxDevice: creating device client; kGfxThreadingModeNonThreaded
 preferred device: Apple M2 (high power)
Metal devices available: 1
0: Apple M2 (high power)
Using device Apple M2 (high power)
Initializing Metal device caps: Apple M2
Mac GPU Family: 2
Apple GPU Family: 8
MSL Version: 3.0
Has Float MSAA: 1
Has Float Filtering: 1
ReadWrite Texture Tier: 2
[Licensing::Client] Handshaking with LicensingClient:
  Version:                 1.17.4+4293ba1
  Session Id:              792417248dfe41dba2db34b8d3baa927
  Correlation Id:          1f77723d58a6cf007d81468dfbe2f49d
  External correlation Id: 7663346134321994246
  Machine Id:              zK44vnAK/qWSLui9UqaaOni5ERM=
[Licensing::Module] Successfully connected to LicensingClient on channel: "LicenseClient-magaliekalash" (connect: 0.00s, validation: 0.02s, handshake: 0.75s)
[Licensing::IpcConnector] Successfully connected to: "LicenseClient-magaliekalash-notifications" at "2026-03-03T15:23:15.902956Z"
[Licensing::Module] Licensing Background thread has ended after 0.77s
Initialize mono
Mono path[0] = '/Applications/Unity/Hub/Editor/6000.3.8f1/Unity.app/Contents/Resources/Scripting/Managed'
Mono path[1] = '/Applications/Unity/Hub/Editor/6000.3.8f1/Unity.app/Contents/Resources/Scripting/MonoBleedingEdge/lib/mono/unityjit-macos'
Mono config path = '/Applications/Unity/Hub/Editor/6000.3.8f1/Unity.app/Contents/Resources/Scripting/MonoBleedingEdge/etc'
Using monoOptions --debugger-agent=transport=dt_socket,embedding=1,server=y,suspend=n,address=127.0.0.1:56777
Begin MonoManager ReloadAssembly
Registering precompiled unity dll's ...
Register platform support module: /Applications/Unity/Hub/Editor/6000.3.8f1/Unity.app/Contents/PlaybackEngines/MacStandaloneSupport/UnityEditor.OSXStandalone.Extensions.dll
Registered in 0.001249 seconds.
- Loaded All Assemblies, in  0.473 seconds
Native extension for OSXStandalone target not found
ScheduleIndexationOnStartup MainProcess:False IndexOnStartup:True
Mono: successfully reloaded assembly
- Finished resetting the current domain, in  0.361 seconds
Domain Reload Profiling: 835ms
	BeginReloadAssembly (228ms)
		ExecutionOrderSort (0ms)
		DisableScriptedObjects (0ms)
		BackupInstance (0ms)
		ReleaseScriptingObjects (0ms)
		CreateAndSetChildDomain (1ms)
	RebuildCommonClasses (39ms)
	RebuildNativeTypeToScriptingClass (11ms)
	initialDomainReloadingComplete (41ms)
	LoadAllAssembliesAndSetupDomain (154ms)
		LoadAssemblies (228ms)
		RebuildTransferFunctionScriptingTraits (0ms)
		AnalyzeDomain (147ms)
			TypeCache.Refresh (146ms)
				TypeCache.ScanAssembly (126ms)
			BuildScriptInfoCaches (0ms)
			ResolveRequiredComponents (0ms)
	FinalizeReload (362ms)
		ReleaseScriptCaches (0ms)
		RebuildScriptCaches (0ms)
		SetupLoadedEditorAssemblies (317ms)
			LogAssemblyErrors (0ms)
			InitializePlatformSupportModulesInManaged (34ms)
			SetLoadedEditorAssemblies (5ms)
			BeforeProcessingInitializeOnLoad (67ms)
			ProcessInitializeOnLoadAttributes (117ms)
			ProcessInitializeOnLoadMethodAttributes (94ms)
			AfterProcessingInitializeOnLoad (0ms)
			EditorAssembliesLoaded (0ms)
		ExecutionOrderSort2 (0ms)
		AwakeInstancesAfterBackupRestoration (0ms)
[CoreBusinessMetrics] Unexpected thread when updating session info.
========================================================================
Worker process is ready to serve import requests
Import Worker Mode flag is 0x00
Begin MonoManager ReloadAssembly
[Licensing::Client] Successfully resolved entitlement details
[Licensing::Module] License group:
  Id: 20067008150138-UnityPersXXXX
  Product: Unity Personal
  Type: Assigned
  Expiration: Unlimited
- Loaded All Assemblies, in  0.651 seconds
Refreshing native plugins compatible for Editor in 0.25 ms, found 1 plugins.
Native extension for OSXStandalone target not found
Package Manager log level set to [2]
[Package Manager] Failed to launch server process. Reason: Unity was launched with the -noUpm command-line argument
[Package Manager] Unable to send message (not connected to server process).
[Package Manager] Cannot connect to Unity Package Manager local server
ScheduleIndexationOnStartup MainProcess:False IndexOnStartup:True
Mono: successfully reloaded assembly
- Finished resetting the current domain, in  0.680 seconds
Domain Reload Profiling: 1328ms
	BeginReloadAssembly (108ms)
		ExecutionOrderSort (0ms)
		DisableScriptedObjects (3ms)
		BackupInstance (0ms)
		ReleaseScriptingObjects (0ms)
		CreateAndSetChildDomain (19ms)
	RebuildCommonClasses (27ms)
	RebuildNativeTypeToScriptingClass (10ms)
	initialDomainReloadingComplete (22ms)
	LoadAllAssembliesAndSetupDomain (481ms)
		LoadAssemblies (319ms)
		RebuildTransferFunctionScriptingTraits (0ms)
		AnalyzeDomain (219ms)
			TypeCache.Refresh (152ms)
				TypeCache.ScanAssembly (131ms)
			BuildScriptInfoCaches (57ms)
			ResolveRequiredComponents (8ms)
	FinalizeReload (680ms)
		ReleaseScriptCaches (0ms)
		RebuildScriptCaches (0ms)
		SetupLoadedEditorAssemblies (500ms)
			LogAssemblyErrors (0ms)
			InitializePlatformSupportModulesInManaged (1ms)
			SetLoadedEditorAssemblies (4ms)
			BeforeProcessingInitializeOnLoad (98ms)
			ProcessInitializeOnLoadAttributes (351ms)
			ProcessInitializeOnLoadMethodAttributes (45ms)
			AfterProcessingInitializeOnLoad (1ms)
			EditorAssembliesLoaded (0ms)
		ExecutionOrderSort2 (0ms)
		AwakeInstancesAfterBackupRestoration (2ms)
WARNING: Shader Unsupported: 'Universal Render Pipeline/VR/SpatialMapping/Wireframe' - All subshaders removed
WARNING: Shader Did you use #pragma only_renderers and omit this platform?
WARNING: Shader If subshaders removal was intentional, you may have forgotten turning Fallback off?
WARNING: Shader Unsupported: 'Universal Render Pipeline/VR/SpatialMapping/Wireframe' - All subshaders removed
WARNING: Shader Did you use #pragma only_renderers and omit this platform?
WARNING: Shader If subshaders removal was intentional, you may have forgotten turning Fallback off?
Launching external process: /Applications/Unity/Hub/Editor/6000.3.8f1/Unity.app/Contents/Helpers/UnityShaderCompiler
Launched and connected shader compiler UnityShaderCompiler after 0.09 seconds
Refreshing native plugins compatible for Editor in 0.37 ms, found 1 plugins.
Preloading 0 native plugins for Editor in 0.00 ms.
Unloading 17 Unused Serialized files (Serialized files now loaded: 0)
Unloading 6404 unused Assets / (4.8 MB). Loaded Objects now: 7215.
Memory consumption went from 146.9 MB to 142.0 MB.
Total: 15.998542 ms (FindLiveObjects: 1.153208 ms CreateObjectMapping: 0.414292 ms MarkObjects: 11.086000 ms  DeleteObjects: 3.344917 ms)

========================================================================
Received Import Request.
  Time since last request: 466707.018504 seconds.
  path: Assets/_Scripts/InteractableDocumentStackSource.cs
  artifactKey: Guid(fde07c028f4324f78beff82e1b4498db) Importer(2089858483,b0f066a214c2f5e87bad3c948f4d605d)
Start importing Assets/_Scripts/InteractableDocumentStackSource.cs using Guid(fde07c028f4324f78beff82e1b4498db) Importer(2089858483,b0f066a214c2f5e87bad3c948f4d605d) (ScriptedImporter) -> (artifact id: '70a3202acf956e62d6dcf46f107c72cb') in 0.071890625 seconds
Number of updated asset objects reloaded before import = 0Number of asset objects unloaded after import = 0

========================================================================
Received Import Request.
  Time since last request: 0.000046 seconds.
  path: Assets/_Scripts/InventoryUI.cs
  artifactKey: Guid(b8a56b490edbe417ebeb9f121853c2fc) Importer(2089858483,b0f066a214c2f5e87bad3c948f4d605d)
Start importing Assets/_Scripts/InventoryUI.cs using Guid(b8a56b490edbe417ebeb9f121853c2fc) Importer(2089858483,b0f066a214c2f5e87bad3c948f4d605d) (ScriptedImporter) -> (artifact id: '12f7c1872ed97ef0b80a8bf44961dd51') in 0.42036975 seconds
Number of updated asset objects reloaded before import = 0Number of asset objects unloaded after import = 0

========================================================================
Received Import Request.
  Time since last request: 0.000054 seconds.
  path: Assets/_Scripts/DrawerUI.cs
  artifactKey: Guid(b105b9f213a00432fb67f2fe45af83ad) Importer(2089858483,b0f066a214c2f5e87bad3c948f4d605d)
Start importing Assets/_Scripts/DrawerUI.cs using Guid(b105b9f213a00432fb67f2fe45af83ad) Importer(2089858483,b0f066a214c2f5e87bad3c948f4d605d) (ScriptedImporter) -> (artifact id: '49ddc5b364e0e1fea94d912650512216') in 0.003110834 seconds
Number of updated asset objects reloaded before import = 0Number of asset objects unloaded after import = 0

========================================================================
Received Import Request.
  Time since last request: 0.000045 seconds.
  path: Assets/_WindowScripts/WindowInteractable.cs
  artifactKey: Guid(1fbf976949bad4c6081f009a2a3b3d9b) Importer(2089858483,b0f066a214c2f5e87bad3c948f4d605d)
Start importing Assets/_WindowScripts/WindowInteractable.cs using Guid(1fbf976949bad4c6081f009a2a3b3d9b) Importer(2089858483,b0f066a214c2f5e87bad3c948f4d605d) (ScriptedImporter) -> (artifact id: '3e94a1fdde9f89fec014592839d760ad') in 0.002125666 seconds
Number of updated asset objects reloaded before import = 0Number of asset objects unloaded after import = 0

========================================================================
Received Import Request.
  Time since last request: 0.000058 seconds.
  path: Assets/_Scripts/PlayerInteractTrigger.cs
  artifactKey: Guid(9ae1763b7ccc44685aafdaad11c3ceb5) Importer(2089858483,b0f066a214c2f5e87bad3c948f4d605d)
Start importing Assets/_Scripts/PlayerInteractTrigger.cs using Guid(9ae1763b7ccc44685aafdaad11c3ceb5) Importer(2089858483,b0f066a214c2f5e87bad3c948f4d605d) (ScriptedImporter) -> (artifact id: '0ccb1b77057be03874a027a142635193') in 0.00554025 seconds
Number of updated asset objects reloaded before import = 0Number of asset objects unloaded after import = 0

========================================================================
Received Import Request.
  Time since last request: 0.000031 seconds.
  path: Assets/InteractableDocumentSource.cs
  artifactKey: Guid(fd90fab8cdead47b389c7f20a8c0f20b) Importer(2089858483,b0f066a214c2f5e87bad3c948f4d605d)
Start importing Assets/InteractableDocumentSource.cs using Guid(fd90fab8cdead47b389c7f20a8c0f20b) Importer(2089858483,b0f066a214c2f5e87bad3c948f4d605d) (ScriptedImporter) -> (artifact id: 'e01bc986e6a30fca0417dc594937b128') in 0.002771875 seconds
Number of updated asset objects reloaded before import = 0Number of asset objects unloaded after import = 0

========================================================================
Received Import Request.
  Time since last request: 0.000035 seconds.
  path: Assets/_WindowScripts/InteractableWindow.cs
  artifactKey: Guid(20603be546f464f24a408c7c275fb0dd) Importer(2089858483,b0f066a214c2f5e87bad3c948f4d605d)
Start importing Assets/_WindowScripts/InteractableWindow.cs using Guid(20603be546f464f24a408c7c275fb0dd) Importer(2089858483,b0f066a214c2f5e87bad3c948f4d605d) (ScriptedImporter) -> (artifact id: '41f5c14b8cb12fa438cb309863223334') in 0.002016834 seconds
Number of updated asset objects reloaded before import = 0Number of asset objects unloaded after import = 0

========================================================================
Received Import Request.
  Time since last request: 0.000033 seconds.
  path: Assets/_WindowScripts
  artifactKey: Guid(562d516176453499999077b35bd9255e) Importer(2089858483,b0f066a214c2f5e87bad3c948f4d605d)
Start importing Assets/_WindowScripts using Guid(562d516176453499999077b35bd9255e) Importer(2089858483,b0f066a214c2f5e87bad3c948f4d605d) (ScriptedImporter) -> (artifact id: 'cb09a02efa7b23a9a64146781c1c5d6a') in 0.003202167 seconds
Number of updated asset objects reloaded before import = 0Number of asset objects unloaded after import = 1

========================================================================
Received Import Request.
  Time since last request: 0.000044 seconds.
  path: Assets/sealvindu.png
  artifactKey: Guid(76d99be8ab52c44f7b93eadc1335a51d) Importer(2089858483,b0f066a214c2f5e87bad3c948f4d605d)
Start importing Assets/sealvindu.png using Guid(76d99be8ab52c44f7b93eadc1335a51d) Importer(2089858483,b0f066a214c2f5e87bad3c948f4d605d) (ScriptedImporter) -> (artifact id: 'd4fb78786b9cbcf41e0103f9e5311971') in 0.067043041 seconds
Number of updated asset objects reloaded before import = 0Number of asset objects unloaded after import = 3

========================================================================
Received Import Request.
  Time since last request: 0.000050 seconds.
  path: Assets/_Scripts/InventoryManager.cs
  artifactKey: Guid(3713d0646f950430ca2eecdc8206d988) Importer(2089858483,b0f066a214c2f5e87bad3c948f4d605d)
Start importing Assets/_Scripts/InventoryManager.cs using Guid(3713d0646f950430ca2eecdc8206d988) Importer(2089858483,b0f066a214c2f5e87bad3c948f4d605d) (ScriptedImporter) -> (artifact id: '6b6d238964cdd79e0d9928e539e522fb') in 0.003983709 seconds
Number of updated asset objects reloaded before import = 0Number of asset objects unloaded after import = 0

========================================================================
Received Import Request.
  Time since last request: 0.000058 seconds.
  path: Assets/_WindowScripts/WindowInteractionSystem.cs
  artifactKey: Guid(a3a8b6cef97c44da4b0e4cfaaffc3de7) Importer(2089858483,b0f066a214c2f5e87bad3c948f4d605d)
Start importing Assets/_WindowScripts/WindowInteractionSystem.cs using Guid(a3a8b6cef97c44da4b0e4cfaaffc3de7) Importer(2089858483,b0f066a214c2f5e87bad3c948f4d605d) (ScriptedImporter) -> (artifact id: '8d05ac285f8414a68f84d46c10fd6854') in 0.001711541 seconds
Number of updated asset objects reloaded before import = 0Number of asset objects unloaded after import = 0

========================================================================
Received Import Request.
  Time since last request: 0.000039 seconds.
  path: Assets/InventoryItem.prefab
  artifactKey: Guid(784b597a95ccd42d4b29015a7d88a4b6) Importer(2089858483,b0f066a214c2f5e87bad3c948f4d605d)
Start importing Assets/InventoryItem.prefab using Guid(784b597a95ccd42d4b29015a7d88a4b6) Importer(2089858483,b0f066a214c2f5e87bad3c948f4d605d) (ScriptedImporter) -> (artifact id: 'e108ec4d515c881d56d515d510e093b3') in 0.052042417 seconds
Number of updated asset objects reloaded before import = 0Number of asset objects unloaded after import = 23

========================================================================
Received Import Request.
  Time since last request: 0.000030 seconds.
  path: Assets/Resources/PerformanceTestRunSettings.json
  artifactKey: Guid(1682133fcf5ff4de2a5067f13f9712f1) Importer(2089858483,b0f066a214c2f5e87bad3c948f4d605d)
Start importing Assets/Resources/PerformanceTestRunSettings.json using Guid(1682133fcf5ff4de2a5067f13f9712f1) Importer(2089858483,b0f066a214c2f5e87bad3c948f4d605d) (ScriptedImporter) -> (artifact id: '5cda8c07e25e01d0c98e77fe45965264') in 0.002077125 seconds
Number of updated asset objects reloaded before import = 0Number of asset objects unloaded after import = 1

========================================================================
Received Import Request.
  Time since last request: 0.000086 seconds.
  path: Assets/ground.unity
  artifactKey: Guid(42a1d7c1b14d44251a96cdd71f5188c6) Importer(2089858483,b0f066a214c2f5e87bad3c948f4d605d)
Start importing Assets/ground.unity using Guid(42a1d7c1b14d44251a96cdd71f5188c6) Importer(2089858483,b0f066a214c2f5e87bad3c948f4d605d) (ScriptedImporter) -> (artifact id: 'fab5d94245db64f5e05ce2cd845fc952') in 0.01343875 seconds
Number of updated asset objects reloaded before import = 0Number of asset objects unloaded after import = 1

========================================================================
Received Import Request.
  Time since last request: 0.000034 seconds.
  path: Assets/Resources/PerformanceTestRunInfo.json
  artifactKey: Guid(a4cbb23ff7850411cb7fa754c2858324) Importer(2089858483,b0f066a214c2f5e87bad3c948f4d605d)
Start importing Assets/Resources/PerformanceTestRunInfo.json using Guid(a4cbb23ff7850411cb7fa754c2858324) Importer(2089858483,b0f066a214c2f5e87bad3c948f4d605d) (ScriptedImporter) -> (artifact id: '8db8b76826cb5ecf18bd277834b29848') in 0.00281775 seconds
Number of updated asset objects reloaded before import = 0Number of asset objects unloaded after import = 1

========================================================================
Received Import Request.
  Time since last request: 0.000034 seconds.
  path: Assets/vinduu.png
  artifactKey: Guid(3ff4e8d57d0d440d1855684825cf6b3a) Importer(2089858483,b0f066a214c2f5e87bad3c948f4d605d)
Start importing Assets/vinduu.png using Guid(3ff4e8d57d0d440d1855684825cf6b3a) Importer(2089858483,b0f066a214c2f5e87bad3c948f4d605d) (ScriptedImporter) -> (artifact id: 'b9fba2a506f08e8e471d68152ed77d2c') in 0.014219334 seconds
Number of updated asset objects reloaded before import = 0Number of asset objects unloaded after import = 4

========================================================================
Received Import Request.
  Time since last request: 0.000044 seconds.
  path: Assets/_Scripts/DoucmentData.cs
  artifactKey: Guid(18f9d6cdf694e4c2cb55a65e33b6b503) Importer(2089858483,b0f066a214c2f5e87bad3c948f4d605d)
Start importing Assets/_Scripts/DoucmentData.cs using Guid(18f9d6cdf694e4c2cb55a65e33b6b503) Importer(2089858483,b0f066a214c2f5e87bad3c948f4d605d) (ScriptedImporter) -> (artifact id: 'b82c31ae91e0d2e90ebc06213ad3d241') in 0.001799833 seconds
Number of updated asset objects reloaded before import = 0Number of asset objects unloaded after import = 0

========================================================================
Received Import Request.
  Time since last request: 0.000033 seconds.
  path: Assets/_Scripts/InteractionSystem.cs
  artifactKey: Guid(b377e740f74984cf19b009fdc5bb45c6) Importer(2089858483,b0f066a214c2f5e87bad3c948f4d605d)
Start importing Assets/_Scripts/InteractionSystem.cs using Guid(b377e740f74984cf19b009fdc5bb45c6) Importer(2089858483,b0f066a214c2f5e87bad3c948f4d605d) (ScriptedImporter) -> (artifact id: 'd6b556d0d95fa0b1ec1e45cf6366e546') in 0.001959083 seconds
Number of updated asset objects reloaded before import = 0Number of asset objects unloaded after import = 0

========================================================================
Received Import Request.
  Time since last request: 0.000055 seconds.
  path: Assets/bilderdokument.png
  artifactKey: Guid(5c76ef47286a94a278d5b70c2f8b5aad) Importer(2089858483,b0f066a214c2f5e87bad3c948f4d605d)
Start importing Assets/bilderdokument.png using Guid(5c76ef47286a94a278d5b70c2f8b5aad) Importer(2089858483,b0f066a214c2f5e87bad3c948f4d605d) (ScriptedImporter) -> (artifact id: '338306b824c158a09af0c92ddb3b9ceb') in 0.015031791 seconds
Number of updated asset objects reloaded before import = 0Number of asset objects unloaded after import = 8

========================================================================
Received Import Request.
  Time since last request: 0.000035 seconds.
  path: Assets/template.scenetemplate
  artifactKey: Guid(85d2bdb6991254e53aded7a15795133f) Importer(2089858483,b0f066a214c2f5e87bad3c948f4d605d)
Start importing Assets/template.scenetemplate using Guid(85d2bdb6991254e53aded7a15795133f) Importer(2089858483,b0f066a214c2f5e87bad3c948f4d605d) (ScriptedImporter) -> (artifact id: '7e05be091be80371309ce713cc5265f3') in 0.070485667 seconds
Number of updated asset objects reloaded before import = 0Number of asset objects unloaded after import = 108

========================================================================
Received Prepare
Begin MonoManager ReloadAssembly
Thread 0x174ec7000 may have been prematurely finalized
- Loaded All Assemblies, in  0.921 seconds
Refreshing native plugins compatible for Editor in 0.21 ms, found 1 plugins.
Native extension for OSXStandalone target not found
[Package Manager] Failed to launch server process. Reason: Unity was launched with the -noUpm command-line argument
[Package Manager] Unable to send message (not connected to server process).
[Package Manager] Cannot connect to Unity Package Manager local server
ScheduleIndexationOnStartup MainProcess:False IndexOnStartup:True
Mono: successfully reloaded assembly
- Finished resetting the current domain, in  0.843 seconds
Domain Reload Profiling: 1769ms
	BeginReloadAssembly (301ms)
		ExecutionOrderSort (0ms)
		DisableScriptedObjects (15ms)
		BackupInstance (0ms)
		ReleaseScriptingObjects (1ms)
		CreateAndSetChildDomain (77ms)
	RebuildCommonClasses (32ms)
	RebuildNativeTypeToScriptingClass (15ms)
	initialDomainReloadingComplete (18ms)
	LoadAllAssembliesAndSetupDomain (560ms)
		LoadAssemblies (479ms)
		RebuildTransferFunctionScriptingTraits (0ms)
		AnalyzeDomain (218ms)
			TypeCache.Refresh (28ms)
				TypeCache.ScanAssembly (2ms)
			BuildScriptInfoCaches (175ms)
			ResolveRequiredComponents (11ms)
	FinalizeReload (844ms)
		ReleaseScriptCaches (0ms)
		RebuildScriptCaches (0ms)
		SetupLoadedEditorAssemblies (699ms)
			LogAssemblyErrors (0ms)
			InitializePlatformSupportModulesInManaged (1ms)
			SetLoadedEditorAssemblies (6ms)
			BeforeProcessingInitializeOnLoad (154ms)
			ProcessInitializeOnLoadAttributes (481ms)
			ProcessInitializeOnLoadMethodAttributes (55ms)
			AfterProcessingInitializeOnLoad (1ms)
			EditorAssembliesLoaded (1ms)
		ExecutionOrderSort2 (0ms)
		AwakeInstancesAfterBackupRestoration (9ms)
WARNING: Shader Unsupported: 'Universal Render Pipeline/VR/SpatialMapping/Wireframe' - All subshaders removed
WARNING: Shader Did you use #pragma only_renderers and omit this platform?
WARNING: Shader If subshaders removal was intentional, you may have forgotten turning Fallback off?
WARNING: Shader Unsupported: 'Universal Render Pipeline/VR/SpatialMapping/Wireframe' - All subshaders removed
WARNING: Shader Did you use #pragma only_renderers and omit this platform?
WARNING: Shader If subshaders removal was intentional, you may have forgotten turning Fallback off?
Refreshing native plugins compatible for Editor in 0.51 ms, found 1 plugins.
Preloading 0 native plugins for Editor in 0.00 ms.
Unloading 17 Unused Serialized files (Serialized files now loaded: 0)
Unloading 6450 unused Assets / (2.2 MB). Loaded Objects now: 7280.
Memory consumption went from 164.4 MB to 162.2 MB.
Total: 21.246500 ms (FindLiveObjects: 1.542958 ms CreateObjectMapping: 0.594625 ms MarkObjects: 15.507125 ms  DeleteObjects: 3.601166 ms)

Prepare: number of updated asset objects reloaded= 0
